<?xml version="1.0" encoding="UTF-8"?>
<!-- Generated by org.testng.reporters.JUnitXMLReporter -->
<testsuite ignored="0" hostname="DESKTOP-MAPJBAS" failures="0" tests="4" name="Test" time="8.266" errors="0" timestamp="2024-08-31T11:29:52 IST">
  <testcase classname="restAssuredChaining.CreateUser" name="createUser" time="4.997"/>
  <testcase classname="restAssuredChaining.GetUser" name="getUser" time="0.917"/>
  <testcase classname="restAssuredChaining.UpdateUser" name="updateUser" time="1.315"/>
  <testcase classname="restAssuredChaining.DeleteUser" name="delete" time="0.898"/>
</testsuite> <!-- Test -->
