<?xml version="1.0" encoding="UTF-8"?>
<!-- Generated by org.testng.reporters.JUnitXMLReporter -->
<testsuite ignored="0" hostname="DESKTOP-MAPJBAS" failures="0" tests="4" name="Test" time="6.903" errors="0" timestamp="2024-08-16T18:56:40 IST">
  <testcase classname="restAssuredChaining.CreateUser" name="createUser" time="4.759"/>
  <testcase classname="restAssuredChaining.GetUser" name="getUser" time="0.771"/>
  <testcase classname="restAssuredChaining.UpdateUser" name="updateUser" time="0.672"/>
  <testcase classname="restAssuredChaining.DeleteUser" name="delete" time="0.602"/>
</testsuite> <!-- Test -->
