<?xml version="1.0" encoding="UTF-8"?>
<testng-results ignored="0" total="4" passed="4" failed="0" skipped="0">
  <reporter-output>
  </reporter-output>
  <suite started-at="2024-08-16T18:57:32 IST" name="Suite" finished-at="2024-08-16T18:57:39 IST" duration-ms="7001">
    <groups>
    </groups>
    <test started-at="2024-08-16T18:57:32 IST" name="Test1" finished-at="2024-08-16T18:57:37 IST" duration-ms="4707">
      <class name="restAssuredChaining.CreateUser">
        <test-method signature="createUser(org.testng.ITestContext)[pri:0, instance:restAssuredChaining.CreateUser@1033576a]" started-at="2024-08-16T18:57:32 IST" name="createUser" finished-at="2024-08-16T18:57:37 IST" duration-ms="4636" status="PASS">
          <params>
            <param index="0">
              <value>
                <![CDATA[org.testng.TestRunner@15a04efb]]>
              </value>
            </param>
          </params>
          <reporter-output>
          </reporter-output>
        </test-method> <!-- createUser -->
      </class> <!-- restAssuredChaining.CreateUser -->
    </test> <!-- Test1 -->
    <test started-at="2024-08-16T18:57:37 IST" name="Test2" finished-at="2024-08-16T18:57:37 IST" duration-ms="574">
      <class name="restAssuredChaining.GetUser">
        <test-method signature="getUser(org.testng.ITestContext)[pri:0, instance:restAssuredChaining.GetUser@1b1cfb87]" started-at="2024-08-16T18:57:37 IST" name="getUser" finished-at="2024-08-16T18:57:37 IST" duration-ms="561" status="PASS">
          <params>
            <param index="0">
              <value>
                <![CDATA[org.testng.TestRunner@543d2ef3]]>
              </value>
            </param>
          </params>
          <reporter-output>
          </reporter-output>
        </test-method> <!-- getUser -->
      </class> <!-- restAssuredChaining.GetUser -->
    </test> <!-- Test2 -->
    <test started-at="2024-08-16T18:57:37 IST" name="Test3" finished-at="2024-08-16T18:57:38 IST" duration-ms="892">
      <class name="restAssuredChaining.UpdateUser">
        <test-method signature="updateUser(org.testng.ITestContext)[pri:0, instance:restAssuredChaining.UpdateUser@210ab13f]" started-at="2024-08-16T18:57:37 IST" name="updateUser" finished-at="2024-08-16T18:57:38 IST" duration-ms="876" status="PASS">
          <params>
            <param index="0">
              <value>
                <![CDATA[org.testng.TestRunner@bd28c86]]>
              </value>
            </param>
          </params>
          <reporter-output>
          </reporter-output>
        </test-method> <!-- updateUser -->
      </class> <!-- restAssuredChaining.UpdateUser -->
    </test> <!-- Test3 -->
    <test started-at="2024-08-16T18:57:38 IST" name="Test4" finished-at="2024-08-16T18:57:39 IST" duration-ms="689">
      <class name="restAssuredChaining.DeleteUser">
        <test-method signature="delete(org.testng.ITestContext)[pri:0, instance:restAssuredChaining.DeleteUser@58e1d9d]" started-at="2024-08-16T18:57:38 IST" name="delete" finished-at="2024-08-16T18:57:39 IST" duration-ms="682" status="PASS">
          <params>
            <param index="0">
              <value>
                <![CDATA[org.testng.TestRunner@4fe9fb65]]>
              </value>
            </param>
          </params>
          <reporter-output>
          </reporter-output>
        </test-method> <!-- delete -->
      </class> <!-- restAssuredChaining.DeleteUser -->
    </test> <!-- Test4 -->
  </suite> <!-- Suite -->
</testng-results>
