<?xml version="1.0" encoding="UTF-8"?>
<testng-results ignored="0" total="4" passed="4" failed="0" skipped="0">
  <reporter-output>
  </reporter-output>
  <suite started-at="2024-08-31T11:30:15 IST" name="Suite" finished-at="2024-08-31T11:30:23 IST" duration-ms="8268">
    <groups>
    </groups>
    <test started-at="2024-08-31T11:30:15 IST" name="Test1" finished-at="2024-08-31T11:30:20 IST" duration-ms="4873">
      <class name="restAssuredChaining.CreateUser">
        <test-method signature="createUser(org.testng.ITestContext)[pri:0, instance:restAssuredChaining.CreateUser@1033576a]" started-at="2024-08-31T11:30:15 IST" name="createUser" finished-at="2024-08-31T11:30:20 IST" duration-ms="4790" status="PASS">
          <params>
            <param index="0">
              <value>
                <![CDATA[org.testng.TestRunner@15a04efb]]>
              </value>
            </param>
          </params>
          <reporter-output>
          </reporter-output>
        </test-method> <!-- createUser -->
      </class> <!-- restAssuredChaining.CreateUser -->
    </test> <!-- Test1 -->
    <test started-at="2024-08-31T11:30:20 IST" name="Test2" finished-at="2024-08-31T11:30:21 IST" duration-ms="979">
      <class name="restAssuredChaining.GetUser">
        <test-method signature="getUser(org.testng.ITestContext)[pri:0, instance:restAssuredChaining.GetUser@1b1cfb87]" started-at="2024-08-31T11:30:20 IST" name="getUser" finished-at="2024-08-31T11:30:21 IST" duration-ms="968" status="PASS">
          <params>
            <param index="0">
              <value>
                <![CDATA[org.testng.TestRunner@50ac1249]]>
              </value>
            </param>
          </params>
          <reporter-output>
          </reporter-output>
        </test-method> <!-- getUser -->
      </class> <!-- restAssuredChaining.GetUser -->
    </test> <!-- Test2 -->
    <test started-at="2024-08-31T11:30:21 IST" name="Test3" finished-at="2024-08-31T11:30:22 IST" duration-ms="1247">
      <class name="restAssuredChaining.UpdateUser">
        <test-method signature="updateUser(org.testng.ITestContext)[pri:0, instance:restAssuredChaining.UpdateUser@210ab13f]" started-at="2024-08-31T11:30:21 IST" name="updateUser" finished-at="2024-08-31T11:30:22 IST" duration-ms="1240" status="PASS">
          <params>
            <param index="0">
              <value>
                <![CDATA[org.testng.TestRunner@b90c5a5]]>
              </value>
            </param>
          </params>
          <reporter-output>
          </reporter-output>
        </test-method> <!-- updateUser -->
      </class> <!-- restAssuredChaining.UpdateUser -->
    </test> <!-- Test3 -->
    <test started-at="2024-08-31T11:30:22 IST" name="Test4" finished-at="2024-08-31T11:30:23 IST" duration-ms="958">
      <class name="restAssuredChaining.DeleteUser">
        <test-method signature="delete(org.testng.ITestContext)[pri:0, instance:restAssuredChaining.DeleteUser@58e1d9d]" started-at="2024-08-31T11:30:22 IST" name="delete" finished-at="2024-08-31T11:30:23 IST" duration-ms="953" status="PASS">
          <params>
            <param index="0">
              <value>
                <![CDATA[org.testng.TestRunner@6debf1b8]]>
              </value>
            </param>
          </params>
          <reporter-output>
          </reporter-output>
        </test-method> <!-- delete -->
      </class> <!-- restAssuredChaining.DeleteUser -->
    </test> <!-- Test4 -->
  </suite> <!-- Suite -->
</testng-results>
